<?xml version="1.0" encoding="UTF-8" ?>
<testsuite tests="4" failures="0" name="CoffeeMachineFunctionalTest" time="0.256" errors="0" skipped="0">
  <properties>
[...]
</properties>
  <testcase classname="CoffeeMachineFunctionalTest" name="test4OutletsValidInput" time="0.239"/>
  <testcase classname="CoffeeMachineFunctionalTest" name="test3OutletsValidInput" time="0.004"/>
  <testcase classname="CoffeeMachineFunctionalTest" name="test1OutletValidInputInsufficientIngredient" time="0.005"/>
  <testcase classname="CoffeeMachineFunctionalTest" name="test10OutletsValidInput" time="0.008"/>
</testsuite>